<?xml version="1.0" encoding="UTF-8"?>
<!-- Generated by org.testng.reporters.JUnitXMLReporter -->
<testsuite hostname="ip-172-31-15-199" ignored="0" name="Test" tests="1" failures="1" timestamp="24 Feb 2021 05:56:11 GMT" time="1.521" errors="0">
  <testcase name="LoginTest" time="0.023" classname="test.testcase1">
    <failure type="java.lang.NullPointerException">
      <![CDATA[java.lang.NullPointerException
at pages.LoginPage.login(LoginPage.java:45)
at test.testcase1.LoginTest(testcase1.java:34)
... Removed 25 stack frames]]>
    </failure>
  </testcase> <!-- LoginTest -->
</testsuite> <!-- Test -->
