<?xml version="1.0" encoding="UTF-8"?>
<testng-results skipped="0" failed="0" ignored="0" total="1" passed="1">
  <reporter-output>
  </reporter-output>
  <suite name="Suite" duration-ms="4417" started-at="2021-02-24T06:07:32Z" finished-at="2021-02-24T06:07:36Z">
    <groups>
    </groups>
    <test name="Test" duration-ms="4417" started-at="2021-02-24T06:07:32Z" finished-at="2021-02-24T06:07:36Z">
      <class name="test.testcase1">
        <test-method status="PASS" signature="LaunchBrowser()[pri:0, instance:test.testcase1@46daef40]" name="LaunchBrowser" is-config="true" duration-ms="1332" started-at="2021-02-24T06:07:32Z" finished-at="2021-02-24T06:07:33Z">
          <reporter-output>
          </reporter-output>
        </test-method> <!-- LaunchBrowser -->
        <test-method status="PASS" signature="LoginTest()[pri:0, instance:test.testcase1@46daef40]" name="LoginTest" duration-ms="2999" started-at="2021-02-24T06:07:33Z" finished-at="2021-02-24T06:07:36Z">
          <reporter-output>
          </reporter-output>
        </test-method> <!-- LoginTest -->
        <test-method status="PASS" signature="CloseBrowser()[pri:0, instance:test.testcase1@46daef40]" name="CloseBrowser" is-config="true" duration-ms="69" started-at="2021-02-24T06:07:36Z" finished-at="2021-02-24T06:07:36Z">
          <reporter-output>
          </reporter-output>
        </test-method> <!-- CloseBrowser -->
      </class> <!-- test.testcase1 -->
    </test> <!-- Test -->
  </suite> <!-- Suite -->
</testng-results>
