<?xml version="1.0" encoding="UTF-8"?>
<testng-results skipped="0" failed="0" ignored="0" total="1" passed="1">
  <reporter-output>
  </reporter-output>
  <suite name="Default suite" duration-ms="5260" started-at="2021-02-24T06:06:34Z" finished-at="2021-02-24T06:06:39Z">
    <groups>
    </groups>
    <test name="Default test" duration-ms="5260" started-at="2021-02-24T06:06:34Z" finished-at="2021-02-24T06:06:39Z">
      <class name="test.testcase1">
        <test-method status="PASS" signature="LaunchBrowser()[pri:0, instance:test.testcase1@4c762604]" name="LaunchBrowser" is-config="true" duration-ms="1840" started-at="2021-02-24T06:06:34Z" finished-at="2021-02-24T06:06:36Z">
          <reporter-output>
          </reporter-output>
        </test-method> <!-- LaunchBrowser -->
        <test-method status="PASS" signature="LoginTest()[pri:0, instance:test.testcase1@4c762604]" name="LoginTest" duration-ms="2878" started-at="2021-02-24T06:06:36Z" finished-at="2021-02-24T06:06:39Z">
          <reporter-output>
          </reporter-output>
        </test-method> <!-- LoginTest -->
        <test-method status="PASS" signature="CloseBrowser()[pri:0, instance:test.testcase1@4c762604]" name="CloseBrowser" is-config="true" duration-ms="518" started-at="2021-02-24T06:06:39Z" finished-at="2021-02-24T06:06:39Z">
          <reporter-output>
          </reporter-output>
        </test-method> <!-- CloseBrowser -->
      </class> <!-- test.testcase1 -->
    </test> <!-- Default test -->
  </suite> <!-- Default suite -->
</testng-results>
